<?xml version="1.0" encoding="UTF-8"?>
<!-- Generated by org.testng.reporters.JUnitReportReporter -->
<testsuite hostname="LAPTOP-AQ5CIB5M" failures="0" tests="1" name="Practice1" time="9.577" errors="0" timestamp="2021-03-22T12:12:02 IST" skipped="0">
  <testcase classname="Practice1" name="display" time="9.577"/>
  <system-out/>
</testsuite> <!-- Practice1 -->
